<?xml version="1.0" encoding="UTF-8"?>
<!-- Generated by org.testng.reporters.JUnitReportReporter -->
<testsuite hostname="sr39-PC" name="pixfixTestcases.FameTestCases" tests="1" failures="0" timestamp="16 May 2019 12:37:24 GMT" time="0.620" errors="0">
  <testcase name="frameTestcases" time="0.620" classname="pixfixTestcases.FameTestCases"/>
</testsuite> <!-- pixfixTestcases.FameTestCases -->
